11/06/2000 09:12:40: Starting build.
11/06/2000 09:12:40: Connecting to index.
11/06/2000 09:12:41: Searching: E:\MCGRAW HILL\E-TEXT_WHITE\57186_FLUID MECHANICS 4E\Beta Version\PDF
11/06/2000 09:12:43: File E:\MCGRAW HILL\E-TEXT_WHITE\57186_FLUID MECHANICS 4E\Beta Version\PDF\Icon? has an invalid DOS file name - it will not be indexed.
11/06/2000 09:12:45: Indexing 28 documents.
11/06/2000 09:12:45: Extracting from E:\MCGRAW HILL\E-TEXT_WHITE\57186_FLUID MECHANICS 4E\Beta Version\PDF\Chapt01.pdf.
11/06/2000 09:12:48: Extracting from E:\MCGRAW HILL\E-TEXT_WHITE\57186_FLUID MECHANICS 4E\Beta Version\PDF\Chapt02.pdf.
11/06/2000 09:12:51: Extracting from E:\MCGRAW HILL\E-TEXT_WHITE\57186_FLUID MECHANICS 4E\Beta Version\PDF\Chapt03.pdf.
11/06/2000 09:12:54: Extracting from E:\MCGRAW HILL\E-TEXT_WHITE\57186_FLUID MECHANICS 4E\Beta Version\PDF\Chapt04.pdf.
11/06/2000 09:12:56: Extracting from E:\MCGRAW HILL\E-TEXT_WHITE\57186_FLUID MECHANICS 4E\Beta Version\PDF\Chapt05.pdf.
11/06/2000 09:12:58: Extracting from E:\MCGRAW HILL\E-TEXT_WHITE\57186_FLUID MECHANICS 4E\Beta Version\PDF\Chapt06.pdf.
11/06/2000 09:13:02: Extracting from E:\MCGRAW HILL\E-TEXT_WHITE\57186_FLUID MECHANICS 4E\Beta Version\PDF\Chapt07.pdf.
11/06/2000 09:13:05: Extracting from E:\MCGRAW HILL\E-TEXT_WHITE\57186_FLUID MECHANICS 4E\Beta Version\PDF\Chapt08.pdf.
11/06/2000 09:13:07: Extracting from E:\MCGRAW HILL\E-TEXT_WHITE\57186_FLUID MECHANICS 4E\Beta Version\PDF\Chapt09.pdf.
11/06/2000 09:13:10: Extracting from E:\MCGRAW HILL\E-TEXT_WHITE\57186_FLUID MECHANICS 4E\Beta Version\PDF\Chapt10.pdf.
11/06/2000 09:13:12: Extracting from E:\MCGRAW HILL\E-TEXT_WHITE\57186_FLUID MECHANICS 4E\Beta Version\PDF\Chapt11.pdf.
11/06/2000 09:13:15: Extracting from E:\MCGRAW HILL\E-TEXT_WHITE\57186_FLUID MECHANICS 4E\Beta Version\PDF\End of Book.pdf.
11/06/2000 09:13:17: Extracting from E:\MCGRAW HILL\E-TEXT_WHITE\57186_FLUID MECHANICS 4E\Beta Version\PDF\help.pdf.
11/06/2000 09:13:18: Extracting from E:\MCGRAW HILL\E-TEXT_WHITE\57186_FLUID MECHANICS 4E\Beta Version\PDF\main.pdf.
11/06/2000 09:13:18: Extracting from E:\MCGRAW HILL\E-TEXT_WHITE\57186_FLUID MECHANICS 4E\Beta Version\PDF\Preface.pdf.
11/06/2000 09:13:18: Extracting from E:\MCGRAW HILL\E-TEXT_WHITE\57186_FLUID MECHANICS 4E\Beta Version\PDF\SGChapt01.pdf.
11/06/2000 09:13:19: Extracting from E:\MCGRAW HILL\E-TEXT_WHITE\57186_FLUID MECHANICS 4E\Beta Version\PDF\SGChapt02.pdf.
11/06/2000 09:13:19: Extracting from E:\MCGRAW HILL\E-TEXT_WHITE\57186_FLUID MECHANICS 4E\Beta Version\PDF\SGChapt03.pdf.
11/06/2000 09:13:20: Extracting from E:\MCGRAW HILL\E-TEXT_WHITE\57186_FLUID MECHANICS 4E\Beta Version\PDF\SGChapt04.pdf.
11/06/2000 09:13:21: Extracting from E:\MCGRAW HILL\E-TEXT_WHITE\57186_FLUID MECHANICS 4E\Beta Version\PDF\SGChapt05.pdf.
11/06/2000 09:13:21: Extracting from E:\MCGRAW HILL\E-TEXT_WHITE\57186_FLUID MECHANICS 4E\Beta Version\PDF\SGChapt06.pdf.
11/06/2000 09:13:22: Extracting from E:\MCGRAW HILL\E-TEXT_WHITE\57186_FLUID MECHANICS 4E\Beta Version\PDF\SGChapt07.pdf.
11/06/2000 09:13:23: Extracting from E:\MCGRAW HILL\E-TEXT_WHITE\57186_FLUID MECHANICS 4E\Beta Version\PDF\SGChapt08.pdf.
11/06/2000 09:13:24: Extracting from E:\MCGRAW HILL\E-TEXT_WHITE\57186_FLUID MECHANICS 4E\Beta Version\PDF\SGChapt09.pdf.
11/06/2000 09:13:25: Extracting from E:\MCGRAW HILL\E-TEXT_WHITE\57186_FLUID MECHANICS 4E\Beta Version\PDF\SGChapt10.pdf.
11/06/2000 09:13:25: Extracting from E:\MCGRAW HILL\E-TEXT_WHITE\57186_FLUID MECHANICS 4E\Beta Version\PDF\SGChapt11.pdf.
11/06/2000 09:13:26: Extracting from E:\MCGRAW HILL\E-TEXT_WHITE\57186_FLUID MECHANICS 4E\Beta Version\PDF\SSG.pdf.
11/06/2000 09:13:26: Extracting from E:\MCGRAW HILL\E-TEXT_WHITE\57186_FLUID MECHANICS 4E\Beta Version\PDF\TOC.pdf.
11/06/2000 09:14:13: Removing index entries for changed or deleted documents.
11/06/2000 09:14:13: Removing unnecessary index entries.
11/06/2000 09:14:15: Removing E:\MCGRAW HILL\E-TEXT_WHITE\57186_FLUID MECHANICS 4E\Beta Version\PDF\SGChapt01.pdf from index.
11/06/2000 09:14:15: Removing E:\MCGRAW HILL\E-TEXT_WHITE\57186_FLUID MECHANICS 4E\Beta Version\PDF\Chapt04.pdf from index.
11/06/2000 09:14:16: Removing E:\MCGRAW HILL\E-TEXT_WHITE\57186_FLUID MECHANICS 4E\Beta Version\PDF\SGChapt05.pdf from index.
11/06/2000 09:14:16: Removing E:\MCGRAW HILL\E-TEXT_WHITE\57186_FLUID MECHANICS 4E\Beta Version\PDF\SGChapt02.pdf from index.
11/06/2000 09:14:16: Removing E:\MCGRAW HILL\E-TEXT_WHITE\57186_FLUID MECHANICS 4E\Beta Version\PDF\Chapt08.pdf from index.
11/06/2000 09:14:16: Removing E:\MCGRAW HILL\E-TEXT_WHITE\57186_FLUID MECHANICS 4E\Beta Version\PDF\Chapt05.pdf from index.
11/06/2000 09:14:16: Removing E:\MCGRAW HILL\E-TEXT_WHITE\57186_FLUID MECHANICS 4E\Beta Version\PDF\Chapt02.pdf from index.
11/06/2000 09:14:17: Removing E:\MCGRAW HILL\E-TEXT_WHITE\57186_FLUID MECHANICS 4E\Beta Version\PDF\SGChapt03.pdf from index.
11/06/2000 09:14:17: Removing E:\MCGRAW HILL\E-TEXT_WHITE\57186_FLUID MECHANICS 4E\Beta Version\PDF\Chapt09.pdf from index.
11/06/2000 09:14:17: Removing E:\MCGRAW HILL\E-TEXT_WHITE\57186_FLUID MECHANICS 4E\Beta Version\PDF\Chapt03.pdf from index.
11/06/2000 09:14:17: Removing E:\MCGRAW HILL\E-TEXT_WHITE\57186_FLUID MECHANICS 4E\Beta Version\PDF\Preface.pdf from index.
11/06/2000 09:14:17: Removing E:\MCGRAW HILL\E-TEXT_WHITE\57186_FLUID MECHANICS 4E\Beta Version\PDF\SGChapt07.pdf from index.
11/06/2000 09:14:17: Removing E:\MCGRAW HILL\E-TEXT_WHITE\57186_FLUID MECHANICS 4E\Beta Version\PDF\SGChapt04.pdf from index.
11/06/2000 09:14:17: Removing E:\MCGRAW HILL\E-TEXT_WHITE\57186_FLUID MECHANICS 4E\Beta Version\PDF\help.pdf from index.
11/06/2000 09:14:17: Removing E:\MCGRAW HILL\E-TEXT_WHITE\57186_FLUID MECHANICS 4E\Beta Version\PDF\main.pdf from index.
11/06/2000 09:14:18: Removing E:\MCGRAW HILL\E-TEXT_WHITE\57186_FLUID MECHANICS 4E\Beta Version\PDF\Chapt07.pdf from index.
11/06/2000 09:14:18: Removing E:\MCGRAW HILL\E-TEXT_WHITE\57186_FLUID MECHANICS 4E\Beta Version\PDF\Chapt01.pdf from index.
11/06/2000 09:14:18: Removing E:\MCGRAW HILL\E-TEXT_WHITE\57186_FLUID MECHANICS 4E\Beta Version\PDF\TOC.pdf from index.
11/06/2000 09:14:18: Removing E:\MCGRAW HILL\E-TEXT_WHITE\57186_FLUID MECHANICS 4E\Beta Version\PDF\End of Book.pdf from index.
11/06/2000 09:14:18: Removing E:\MCGRAW HILL\E-TEXT_WHITE\57186_FLUID MECHANICS 4E\Beta Version\PDF\SGChapt10.pdf from index.
11/06/2000 09:14:18: Removing E:\MCGRAW HILL\E-TEXT_WHITE\57186_FLUID MECHANICS 4E\Beta Version\PDF\SGChapt08.pdf from index.
11/06/2000 09:14:18: Removing E:\MCGRAW HILL\E-TEXT_WHITE\57186_FLUID MECHANICS 4E\Beta Version\PDF\Chapt10.pdf from index.
11/06/2000 09:14:19: Removing E:\MCGRAW HILL\E-TEXT_WHITE\57186_FLUID MECHANICS 4E\Beta Version\PDF\SSG.pdf from index.
11/06/2000 09:14:19: Removing E:\MCGRAW HILL\E-TEXT_WHITE\57186_FLUID MECHANICS 4E\Beta Version\PDF\SGChapt11.pdf from index.
11/06/2000 09:14:19: Removing E:\MCGRAW HILL\E-TEXT_WHITE\57186_FLUID MECHANICS 4E\Beta Version\PDF\SGChapt09.pdf from index.
11/06/2000 09:14:19: Removing E:\MCGRAW HILL\E-TEXT_WHITE\57186_FLUID MECHANICS 4E\Beta Version\PDF\SGChapt06.pdf from index.
11/06/2000 09:14:19: Removing E:\MCGRAW HILL\E-TEXT_WHITE\57186_FLUID MECHANICS 4E\Beta Version\PDF\Chapt11.pdf from index.
11/06/2000 09:14:19: Removing E:\MCGRAW HILL\E-TEXT_WHITE\57186_FLUID MECHANICS 4E\Beta Version\PDF\Chapt06.pdf from index.
11/06/2000 09:14:19: Building Word Assist List.
11/06/2000 09:14:24: Waiting for about 20 seconds to perform routine index update.
11/06/2000 09:14:45:   Total Acrobat files in all directories: 28
11/06/2000 09:14:45:   Total new files: 28
11/06/2000 09:14:45:   Total pages indexed: 1027
11/06/2000 09:14:45:   Total number of files skipped: 0
11/06/2000 09:14:45:   Total deleted files: 28
11/06/2000 09:14:45: Index Build Successful.
11/06/2000 10:20:17: Starting build.
11/06/2000 10:20:18: Connecting to index.
11/06/2000 10:20:21: Searching: E:\MCGRAW HILL\E-TEXT_WHITE\57186_FLUID MECHANICS 4E\Beta Version\PDF
11/06/2000 10:20:25: File E:\MCGRAW HILL\E-TEXT_WHITE\57186_FLUID MECHANICS 4E\Beta Version\PDF\Icon? has an invalid DOS file name - it will not be indexed.
11/06/2000 10:20:29: Indexing 28 documents.
11/06/2000 10:20:29: Extracting from E:\MCGRAW HILL\E-TEXT_WHITE\57186_FLUID MECHANICS 4E\Beta Version\PDF\Chapt01.pdf.
11/06/2000 10:20:34: Extracting from E:\MCGRAW HILL\E-TEXT_WHITE\57186_FLUID MECHANICS 4E\Beta Version\PDF\Chapt02.pdf.
11/06/2000 10:20:37: Extracting from E:\MCGRAW HILL\E-TEXT_WHITE\57186_FLUID MECHANICS 4E\Beta Version\PDF\Chapt03.pdf.
11/06/2000 10:20:42: Extracting from E:\MCGRAW HILL\E-TEXT_WHITE\57186_FLUID MECHANICS 4E\Beta Version\PDF\Chapt04.pdf.
11/06/2000 10:20:45: Extracting from E:\MCGRAW HILL\E-TEXT_WHITE\57186_FLUID MECHANICS 4E\Beta Version\PDF\Chapt05.pdf.
11/06/2000 10:20:47: Extracting from E:\MCGRAW HILL\E-TEXT_WHITE\57186_FLUID MECHANICS 4E\Beta Version\PDF\Chapt06.pdf.
11/06/2000 10:20:52: Extracting from E:\MCGRAW HILL\E-TEXT_WHITE\57186_FLUID MECHANICS 4E\Beta Version\PDF\Chapt07.pdf.
11/06/2000 10:20:56: Extracting from E:\MCGRAW HILL\E-TEXT_WHITE\57186_FLUID MECHANICS 4E\Beta Version\PDF\Chapt08.pdf.
11/06/2000 10:21:00: Extracting from E:\MCGRAW HILL\E-TEXT_WHITE\57186_FLUID MECHANICS 4E\Beta Version\PDF\Chapt09.pdf.
11/06/2000 10:21:04: Extracting from E:\MCGRAW HILL\E-TEXT_WHITE\57186_FLUID MECHANICS 4E\Beta Version\PDF\Chapt10.pdf.
11/06/2000 10:21:07: Extracting from E:\MCGRAW HILL\E-TEXT_WHITE\57186_FLUID MECHANICS 4E\Beta Version\PDF\Chapt11.pdf.
11/06/2000 10:21:11: Extracting from E:\MCGRAW HILL\E-TEXT_WHITE\57186_FLUID MECHANICS 4E\Beta Version\PDF\End of Book.pdf.
11/06/2000 10:21:15: Extracting from E:\MCGRAW HILL\E-TEXT_WHITE\57186_FLUID MECHANICS 4E\Beta Version\PDF\help.pdf.
11/06/2000 10:21:15: Extracting from E:\MCGRAW HILL\E-TEXT_WHITE\57186_FLUID MECHANICS 4E\Beta Version\PDF\main.pdf.
11/06/2000 10:21:16: Extracting from E:\MCGRAW HILL\E-TEXT_WHITE\57186_FLUID MECHANICS 4E\Beta Version\PDF\Preface.pdf.
11/06/2000 10:21:17: Extracting from E:\MCGRAW HILL\E-TEXT_WHITE\57186_FLUID MECHANICS 4E\Beta Version\PDF\SGChapt01.pdf.
11/06/2000 10:21:18: Extracting from E:\MCGRAW HILL\E-TEXT_WHITE\57186_FLUID MECHANICS 4E\Beta Version\PDF\SGChapt02.pdf.
11/06/2000 10:21:19: Extracting from E:\MCGRAW HILL\E-TEXT_WHITE\57186_FLUID MECHANICS 4E\Beta Version\PDF\SGChapt03.pdf.
11/06/2000 10:21:20: Extracting from E:\MCGRAW HILL\E-TEXT_WHITE\57186_FLUID MECHANICS 4E\Beta Version\PDF\SGChapt04.pdf.
11/06/2000 10:21:22: Extracting from E:\MCGRAW HILL\E-TEXT_WHITE\57186_FLUID MECHANICS 4E\Beta Version\PDF\SGChapt05.pdf.
11/06/2000 10:21:23: Extracting from E:\MCGRAW HILL\E-TEXT_WHITE\57186_FLUID MECHANICS 4E\Beta Version\PDF\SGChapt06.pdf.
11/06/2000 10:21:25: Extracting from E:\MCGRAW HILL\E-TEXT_WHITE\57186_FLUID MECHANICS 4E\Beta Version\PDF\SGChapt07.pdf.
11/06/2000 10:21:27: Extracting from E:\MCGRAW HILL\E-TEXT_WHITE\57186_FLUID MECHANICS 4E\Beta Version\PDF\SGChapt08.pdf.
11/06/2000 10:21:28: Extracting from E:\MCGRAW HILL\E-TEXT_WHITE\57186_FLUID MECHANICS 4E\Beta Version\PDF\SGChapt09.pdf.
11/06/2000 10:21:29: Extracting from E:\MCGRAW HILL\E-TEXT_WHITE\57186_FLUID MECHANICS 4E\Beta Version\PDF\SGChapt10.pdf.
11/06/2000 10:21:31: Extracting from E:\MCGRAW HILL\E-TEXT_WHITE\57186_FLUID MECHANICS 4E\Beta Version\PDF\SGChapt11.pdf.
11/06/2000 10:21:32: Extracting from E:\MCGRAW HILL\E-TEXT_WHITE\57186_FLUID MECHANICS 4E\Beta Version\PDF\SSG.pdf.
11/06/2000 10:21:32: Extracting from E:\MCGRAW HILL\E-TEXT_WHITE\57186_FLUID MECHANICS 4E\Beta Version\PDF\TOC.pdf.
11/06/2000 10:22:45: Removing index entries for changed or deleted documents.
11/06/2000 10:22:45: Removing unnecessary index entries.
11/06/2000 10:22:55: Removing E:\MCGRAW HILL\E-TEXT_WHITE\57186_FLUID MECHANICS 4E\Beta Version\PDF\TOC.pdf from index.
11/06/2000 10:22:55: Removing E:\MCGRAW HILL\E-TEXT_WHITE\57186_FLUID MECHANICS 4E\Beta Version\PDF\SSG.pdf from index.
11/06/2000 10:22:55: Removing E:\MCGRAW HILL\E-TEXT_WHITE\57186_FLUID MECHANICS 4E\Beta Version\PDF\SGChapt11.pdf from index.
11/06/2000 10:22:56: Removing E:\MCGRAW HILL\E-TEXT_WHITE\57186_FLUID MECHANICS 4E\Beta Version\PDF\SGChapt10.pdf from index.
11/06/2000 10:22:56: Removing E:\MCGRAW HILL\E-TEXT_WHITE\57186_FLUID MECHANICS 4E\Beta Version\PDF\SGChapt09.pdf from index.
11/06/2000 10:22:56: Removing E:\MCGRAW HILL\E-TEXT_WHITE\57186_FLUID MECHANICS 4E\Beta Version\PDF\SGChapt08.pdf from index.
11/06/2000 10:22:57: Removing E:\MCGRAW HILL\E-TEXT_WHITE\57186_FLUID MECHANICS 4E\Beta Version\PDF\SGChapt07.pdf from index.
11/06/2000 10:22:57: Removing E:\MCGRAW HILL\E-TEXT_WHITE\57186_FLUID MECHANICS 4E\Beta Version\PDF\SGChapt06.pdf from index.
11/06/2000 10:22:57: Removing E:\MCGRAW HILL\E-TEXT_WHITE\57186_FLUID MECHANICS 4E\Beta Version\PDF\SGChapt05.pdf from index.
11/06/2000 10:22:58: Removing E:\MCGRAW HILL\E-TEXT_WHITE\57186_FLUID MECHANICS 4E\Beta Version\PDF\SGChapt04.pdf from index.
11/06/2000 10:22:58: Removing E:\MCGRAW HILL\E-TEXT_WHITE\57186_FLUID MECHANICS 4E\Beta Version\PDF\SGChapt03.pdf from index.
11/06/2000 10:22:58: Removing E:\MCGRAW HILL\E-TEXT_WHITE\57186_FLUID MECHANICS 4E\Beta Version\PDF\SGChapt02.pdf from index.
11/06/2000 10:22:58: Removing E:\MCGRAW HILL\E-TEXT_WHITE\57186_FLUID MECHANICS 4E\Beta Version\PDF\SGChapt01.pdf from index.
11/06/2000 10:22:59: Removing E:\MCGRAW HILL\E-TEXT_WHITE\57186_FLUID MECHANICS 4E\Beta Version\PDF\Preface.pdf from index.
11/06/2000 10:22:59: Removing E:\MCGRAW HILL\E-TEXT_WHITE\57186_FLUID MECHANICS 4E\Beta Version\PDF\main.pdf from index.
11/06/2000 10:22:59: Removing E:\MCGRAW HILL\E-TEXT_WHITE\57186_FLUID MECHANICS 4E\Beta Version\PDF\help.pdf from index.
11/06/2000 10:23:00: Removing E:\MCGRAW HILL\E-TEXT_WHITE\57186_FLUID MECHANICS 4E\Beta Version\PDF\End of Book.pdf from index.
11/06/2000 10:23:00: Removing E:\MCGRAW HILL\E-TEXT_WHITE\57186_FLUID MECHANICS 4E\Beta Version\PDF\Chapt11.pdf from index.
11/06/2000 10:23:00: Removing E:\MCGRAW HILL\E-TEXT_WHITE\57186_FLUID MECHANICS 4E\Beta Version\PDF\Chapt10.pdf from index.
11/06/2000 10:23:00: Removing E:\MCGRAW HILL\E-TEXT_WHITE\57186_FLUID MECHANICS 4E\Beta Version\PDF\Chapt09.pdf from index.
11/06/2000 10:23:02: Removing E:\MCGRAW HILL\E-TEXT_WHITE\57186_FLUID MECHANICS 4E\Beta Version\PDF\Chapt08.pdf from index.
11/06/2000 10:23:02: Removing E:\MCGRAW HILL\E-TEXT_WHITE\57186_FLUID MECHANICS 4E\Beta Version\PDF\Chapt07.pdf from index.
11/06/2000 10:23:02: Removing E:\MCGRAW HILL\E-TEXT_WHITE\57186_FLUID MECHANICS 4E\Beta Version\PDF\Chapt06.pdf from index.
11/06/2000 10:23:03: Removing E:\MCGRAW HILL\E-TEXT_WHITE\57186_FLUID MECHANICS 4E\Beta Version\PDF\Chapt05.pdf from index.
11/06/2000 10:23:03: Removing E:\MCGRAW HILL\E-TEXT_WHITE\57186_FLUID MECHANICS 4E\Beta Version\PDF\Chapt04.pdf from index.
11/06/2000 10:23:03: Removing E:\MCGRAW HILL\E-TEXT_WHITE\57186_FLUID MECHANICS 4E\Beta Version\PDF\Chapt03.pdf from index.
11/06/2000 10:23:04: Removing E:\MCGRAW HILL\E-TEXT_WHITE\57186_FLUID MECHANICS 4E\Beta Version\PDF\Chapt02.pdf from index.
11/06/2000 10:23:04: Removing E:\MCGRAW HILL\E-TEXT_WHITE\57186_FLUID MECHANICS 4E\Beta Version\PDF\Chapt01.pdf from index.
11/06/2000 10:23:04: Building Word Assist List.
11/06/2000 10:23:08: Waiting for about 20 seconds to perform routine index update.
11/06/2000 10:23:29:   Total Acrobat files in all directories: 28
11/06/2000 10:23:29:   Total new files: 28
11/06/2000 10:23:29:   Total pages indexed: 1027
11/06/2000 10:23:29:   Total number of files skipped: 0
11/06/2000 10:23:29:   Total deleted files: 28
11/06/2000 10:23:29: Index Build Successful.
11/10/2000 15:28:39: Starting build.
11/10/2000 15:28:39: Connecting to index.
11/10/2000 15:28:40: Searching: E:\MCGRAW HILL\E-TEXT_WHITE\57186_FLUID MECHANICS 4E\Beta Version\PDF
11/10/2000 15:28:41: File E:\MCGRAW HILL\E-TEXT_WHITE\57186_FLUID MECHANICS 4E\Beta Version\PDF\Icon? has an invalid DOS file name - it will not be indexed.
11/10/2000 15:28:43: File E:\MCGRAW HILL\E-TEXT_WHITE\57186_FLUID MECHANICS 4E\Beta Version\PDF\FluidsFE\Icon? has an invalid DOS file name - it will not be indexed.
11/10/2000 15:28:45: Indexing 28 documents.
11/10/2000 15:28:46: Extracting from E:\MCGRAW HILL\E-TEXT_WHITE\57186_FLUID MECHANICS 4E\Beta Version\PDF\Chapt01.pdf.
11/10/2000 15:28:47: Extracting from E:\MCGRAW HILL\E-TEXT_WHITE\57186_FLUID MECHANICS 4E\Beta Version\PDF\Chapt02.pdf.
11/10/2000 15:28:49: Extracting from E:\MCGRAW HILL\E-TEXT_WHITE\57186_FLUID MECHANICS 4E\Beta Version\PDF\Chapt03.pdf.
11/10/2000 15:28:52: Extracting from E:\MCGRAW HILL\E-TEXT_WHITE\57186_FLUID MECHANICS 4E\Beta Version\PDF\Chapt04.pdf.
11/10/2000 15:28:54: Extracting from E:\MCGRAW HILL\E-TEXT_WHITE\57186_FLUID MECHANICS 4E\Beta Version\PDF\Chapt05.pdf.
11/10/2000 15:28:56: Extracting from E:\MCGRAW HILL\E-TEXT_WHITE\57186_FLUID MECHANICS 4E\Beta Version\PDF\Chapt06.pdf.
11/10/2000 15:28:59: Extracting from E:\MCGRAW HILL\E-TEXT_WHITE\57186_FLUID MECHANICS 4E\Beta Version\PDF\Chapt07.pdf.
11/10/2000 15:29:01: Extracting from E:\MCGRAW HILL\E-TEXT_WHITE\57186_FLUID MECHANICS 4E\Beta Version\PDF\Chapt08.pdf.
11/10/2000 15:29:03: Extracting from E:\MCGRAW HILL\E-TEXT_WHITE\57186_FLUID MECHANICS 4E\Beta Version\PDF\Chapt09.pdf.
11/10/2000 15:29:06: Extracting from E:\MCGRAW HILL\E-TEXT_WHITE\57186_FLUID MECHANICS 4E\Beta Version\PDF\Chapt10.pdf.
11/10/2000 15:29:08: Extracting from E:\MCGRAW HILL\E-TEXT_WHITE\57186_FLUID MECHANICS 4E\Beta Version\PDF\Chapt11.pdf.
11/10/2000 15:29:09: Extracting from E:\MCGRAW HILL\E-TEXT_WHITE\57186_FLUID MECHANICS 4E\Beta Version\PDF\End of Book.pdf.
11/10/2000 15:29:11: Extracting from E:\MCGRAW HILL\E-TEXT_WHITE\57186_FLUID MECHANICS 4E\Beta Version\PDF\help.pdf.
11/10/2000 15:29:12: Extracting from E:\MCGRAW HILL\E-TEXT_WHITE\57186_FLUID MECHANICS 4E\Beta Version\PDF\main.pdf.
11/10/2000 15:29:12: Extracting from E:\MCGRAW HILL\E-TEXT_WHITE\57186_FLUID MECHANICS 4E\Beta Version\PDF\Preface.pdf.
11/10/2000 15:29:12: Extracting from E:\MCGRAW HILL\E-TEXT_WHITE\57186_FLUID MECHANICS 4E\Beta Version\PDF\SGChapt01.pdf.
11/10/2000 15:29:12: Extracting from E:\MCGRAW HILL\E-TEXT_WHITE\57186_FLUID MECHANICS 4E\Beta Version\PDF\SGChapt02.pdf.
11/10/2000 15:29:13: Extracting from E:\MCGRAW HILL\E-TEXT_WHITE\57186_FLUID MECHANICS 4E\Beta Version\PDF\SGChapt03.pdf.
11/10/2000 15:29:14: Extracting from E:\MCGRAW HILL\E-TEXT_WHITE\57186_FLUID MECHANICS 4E\Beta Version\PDF\SGChapt04.pdf.
11/10/2000 15:29:14: Extracting from E:\MCGRAW HILL\E-TEXT_WHITE\57186_FLUID MECHANICS 4E\Beta Version\PDF\SGChapt05.pdf.
11/10/2000 15:29:15: Extracting from E:\MCGRAW HILL\E-TEXT_WHITE\57186_FLUID MECHANICS 4E\Beta Version\PDF\SGChapt06.pdf.
11/10/2000 15:29:15: Extracting from E:\MCGRAW HILL\E-TEXT_WHITE\57186_FLUID MECHANICS 4E\Beta Version\PDF\SGChapt07.pdf.
11/10/2000 15:29:16: Extracting from E:\MCGRAW HILL\E-TEXT_WHITE\57186_FLUID MECHANICS 4E\Beta Version\PDF\SGChapt08.pdf.
11/10/2000 15:29:17: Extracting from E:\MCGRAW HILL\E-TEXT_WHITE\57186_FLUID MECHANICS 4E\Beta Version\PDF\SGChapt09.pdf.
11/10/2000 15:29:17: Extracting from E:\MCGRAW HILL\E-TEXT_WHITE\57186_FLUID MECHANICS 4E\Beta Version\PDF\SGChapt10.pdf.
11/10/2000 15:29:18: Extracting from E:\MCGRAW HILL\E-TEXT_WHITE\57186_FLUID MECHANICS 4E\Beta Version\PDF\SGChapt11.pdf.
11/10/2000 15:29:18: Extracting from E:\MCGRAW HILL\E-TEXT_WHITE\57186_FLUID MECHANICS 4E\Beta Version\PDF\SSG.pdf.
11/10/2000 15:29:18: Extracting from E:\MCGRAW HILL\E-TEXT_WHITE\57186_FLUID MECHANICS 4E\Beta Version\PDF\TOC.pdf.
11/10/2000 15:30:04: Removing index entries for changed or deleted documents.
11/10/2000 15:30:04: Removing unnecessary index entries.
11/10/2000 15:30:06: Removing E:\MCGRAW HILL\E-TEXT_WHITE\57186_FLUID MECHANICS 4E\Beta Version\PDF\TOC.pdf from index.
11/10/2000 15:30:06: Removing E:\MCGRAW HILL\E-TEXT_WHITE\57186_FLUID MECHANICS 4E\Beta Version\PDF\SSG.pdf from index.
11/10/2000 15:30:06: Removing E:\MCGRAW HILL\E-TEXT_WHITE\57186_FLUID MECHANICS 4E\Beta Version\PDF\SGChapt11.pdf from index.
11/10/2000 15:30:07: Removing E:\MCGRAW HILL\E-TEXT_WHITE\57186_FLUID MECHANICS 4E\Beta Version\PDF\SGChapt10.pdf from index.
11/10/2000 15:30:07: Removing E:\MCGRAW HILL\E-TEXT_WHITE\57186_FLUID MECHANICS 4E\Beta Version\PDF\SGChapt09.pdf from index.
11/10/2000 15:30:07: Removing E:\MCGRAW HILL\E-TEXT_WHITE\57186_FLUID MECHANICS 4E\Beta Version\PDF\SGChapt08.pdf from index.
11/10/2000 15:30:07: Removing E:\MCGRAW HILL\E-TEXT_WHITE\57186_FLUID MECHANICS 4E\Beta Version\PDF\SGChapt07.pdf from index.
11/10/2000 15:30:07: Removing E:\MCGRAW HILL\E-TEXT_WHITE\57186_FLUID MECHANICS 4E\Beta Version\PDF\SGChapt06.pdf from index.
11/10/2000 15:30:07: Removing E:\MCGRAW HILL\E-TEXT_WHITE\57186_FLUID MECHANICS 4E\Beta Version\PDF\SGChapt05.pdf from index.
11/10/2000 15:30:07: Removing E:\MCGRAW HILL\E-TEXT_WHITE\57186_FLUID MECHANICS 4E\Beta Version\PDF\SGChapt04.pdf from index.
11/10/2000 15:30:07: Removing E:\MCGRAW HILL\E-TEXT_WHITE\57186_FLUID MECHANICS 4E\Beta Version\PDF\SGChapt03.pdf from index.
11/10/2000 15:30:07: Removing E:\MCGRAW HILL\E-TEXT_WHITE\57186_FLUID MECHANICS 4E\Beta Version\PDF\SGChapt02.pdf from index.
11/10/2000 15:30:07: Removing E:\MCGRAW HILL\E-TEXT_WHITE\57186_FLUID MECHANICS 4E\Beta Version\PDF\SGChapt01.pdf from index.
11/10/2000 15:30:07: Removing E:\MCGRAW HILL\E-TEXT_WHITE\57186_FLUID MECHANICS 4E\Beta Version\PDF\Preface.pdf from index.
11/10/2000 15:30:07: Removing E:\MCGRAW HILL\E-TEXT_WHITE\57186_FLUID MECHANICS 4E\Beta Version\PDF\main.pdf from index.
11/10/2000 15:30:08: Removing E:\MCGRAW HILL\E-TEXT_WHITE\57186_FLUID MECHANICS 4E\Beta Version\PDF\help.pdf from index.
11/10/2000 15:30:08: Removing E:\MCGRAW HILL\E-TEXT_WHITE\57186_FLUID MECHANICS 4E\Beta Version\PDF\End of Book.pdf from index.
11/10/2000 15:30:08: Removing E:\MCGRAW HILL\E-TEXT_WHITE\57186_FLUID MECHANICS 4E\Beta Version\PDF\Chapt11.pdf from index.
11/10/2000 15:30:08: Removing E:\MCGRAW HILL\E-TEXT_WHITE\57186_FLUID MECHANICS 4E\Beta Version\PDF\Chapt10.pdf from index.
11/10/2000 15:30:08: Removing E:\MCGRAW HILL\E-TEXT_WHITE\57186_FLUID MECHANICS 4E\Beta Version\PDF\Chapt09.pdf from index.
11/10/2000 15:30:08: Removing E:\MCGRAW HILL\E-TEXT_WHITE\57186_FLUID MECHANICS 4E\Beta Version\PDF\Chapt08.pdf from index.
11/10/2000 15:30:08: Removing E:\MCGRAW HILL\E-TEXT_WHITE\57186_FLUID MECHANICS 4E\Beta Version\PDF\Chapt07.pdf from index.
11/10/2000 15:30:08: Removing E:\MCGRAW HILL\E-TEXT_WHITE\57186_FLUID MECHANICS 4E\Beta Version\PDF\Chapt06.pdf from index.
11/10/2000 15:30:08: Removing E:\MCGRAW HILL\E-TEXT_WHITE\57186_FLUID MECHANICS 4E\Beta Version\PDF\Chapt05.pdf from index.
11/10/2000 15:30:08: Removing E:\MCGRAW HILL\E-TEXT_WHITE\57186_FLUID MECHANICS 4E\Beta Version\PDF\Chapt04.pdf from index.
11/10/2000 15:30:08: Removing E:\MCGRAW HILL\E-TEXT_WHITE\57186_FLUID MECHANICS 4E\Beta Version\PDF\Chapt03.pdf from index.
11/10/2000 15:30:09: Removing E:\MCGRAW HILL\E-TEXT_WHITE\57186_FLUID MECHANICS 4E\Beta Version\PDF\Chapt02.pdf from index.
11/10/2000 15:30:09: Removing E:\MCGRAW HILL\E-TEXT_WHITE\57186_FLUID MECHANICS 4E\Beta Version\PDF\Chapt01.pdf from index.
11/10/2000 15:30:09: Building Word Assist List.
11/10/2000 15:30:12: Waiting for about 20 seconds to perform routine index update.
11/10/2000 15:30:33:   Total Acrobat files in all directories: 28
11/10/2000 15:30:33:   Total new files: 28
11/10/2000 15:30:33:   Total pages indexed: 1027
11/10/2000 15:30:33:   Total number of files skipped: 0
11/10/2000 15:30:33:   Total deleted files: 28
11/10/2000 15:30:33: Index Build Successful.
